INFO - 2025-04-17 18:20:39 --> Session: Class initialized using 'CodeIgniter\Session\Handlers\FileHandler' driver.
INFO - 2025-04-17 18:20:49 --> Session: Class initialized using 'CodeIgniter\Session\Handlers\FileHandler' driver.
INFO - 2025-04-17 18:20:49 --> Cart Class Initialized
INFO - 2025-04-17 18:20:53 --> Session: Class initialized using 'CodeIgniter\Session\Handlers\FileHandler' driver.
INFO - 2025-04-17 18:20:55 --> Session: Class initialized using 'CodeIgniter\Session\Handlers\FileHandler' driver.
INFO - 2025-04-17 18:20:58 --> Session: Class initialized using 'CodeIgniter\Session\Handlers\FileHandler' driver.
INFO - 2025-04-17 18:21:02 --> Session: Class initialized using 'CodeIgniter\Session\Handlers\FileHandler' driver.
INFO - 2025-04-17 19:22:09 --> Session: Class initialized using 'CodeIgniter\Session\Handlers\FileHandler' driver.
CRITICAL - 2025-04-17 19:22:09 --> CodeIgniter\View\Exceptions\ViewException: Invalid file: "plantillas/navbar.php"
in SYSTEMPATH\Exceptions\FrameworkException.php on line 39.
 1 SYSTEMPATH\View\View.php(216): CodeIgniter\Exceptions\FrameworkException::forInvalidFile('plantillas/navbar.php')
 2 SYSTEMPATH\Common.php(1178): CodeIgniter\View\View->render('plantillas/navbar', [], true)
 3 APPPATH\Controllers\Home.php(32): view('plantillas/navbar')
 4 SYSTEMPATH\CodeIgniter.php(941): App\Controllers\Home->index()
 5 SYSTEMPATH\CodeIgniter.php(502): CodeIgniter\CodeIgniter->runController(Object(App\Controllers\Home))
 6 SYSTEMPATH\CodeIgniter.php(361): CodeIgniter\CodeIgniter->handleRequest(null, Object(Config\Cache), false)
 7 FCPATH\index.php(79): CodeIgniter\CodeIgniter->run()
INFO - 2025-04-17 19:24:00 --> Session: Class initialized using 'CodeIgniter\Session\Handlers\FileHandler' driver.
INFO - 2025-04-17 19:26:45 --> Session: Class initialized using 'CodeIgniter\Session\Handlers\FileHandler' driver.
INFO - 2025-04-17 19:28:16 --> Session: Class initialized using 'CodeIgniter\Session\Handlers\FileHandler' driver.
INFO - 2025-04-17 19:30:44 --> Session: Class initialized using 'CodeIgniter\Session\Handlers\FileHandler' driver.
INFO - 2025-04-17 19:31:46 --> Session: Class initialized using 'CodeIgniter\Session\Handlers\FileHandler' driver.
INFO - 2025-04-17 19:32:23 --> Session: Class initialized using 'CodeIgniter\Session\Handlers\FileHandler' driver.
INFO - 2025-04-17 19:32:35 --> Session: Class initialized using 'CodeIgniter\Session\Handlers\FileHandler' driver.
INFO - 2025-04-17 19:40:03 --> Session: Class initialized using 'CodeIgniter\Session\Handlers\FileHandler' driver.
INFO - 2025-04-17 19:40:06 --> Session: Class initialized using 'CodeIgniter\Session\Handlers\FileHandler' driver.
INFO - 2025-04-17 19:40:11 --> Session: Class initialized using 'CodeIgniter\Session\Handlers\FileHandler' driver.
INFO - 2025-04-17 19:40:22 --> Session: Class initialized using 'CodeIgniter\Session\Handlers\FileHandler' driver.
INFO - 2025-04-17 19:40:43 --> Session: Class initialized using 'CodeIgniter\Session\Handlers\FileHandler' driver.
INFO - 2025-04-17 19:41:03 --> Session: Class initialized using 'CodeIgniter\Session\Handlers\FileHandler' driver.
INFO - 2025-04-17 19:52:33 --> Session: Class initialized using 'CodeIgniter\Session\Handlers\FileHandler' driver.
INFO - 2025-04-17 19:56:53 --> Session: Class initialized using 'CodeIgniter\Session\Handlers\FileHandler' driver.
INFO - 2025-04-17 19:57:02 --> Session: Class initialized using 'CodeIgniter\Session\Handlers\FileHandler' driver.
INFO - 2025-04-17 19:58:41 --> Session: Class initialized using 'CodeIgniter\Session\Handlers\FileHandler' driver.
INFO - 2025-04-17 20:30:37 --> Session: Class initialized using 'CodeIgniter\Session\Handlers\FileHandler' driver.
INFO - 2025-04-17 20:30:40 --> Session: Class initialized using 'CodeIgniter\Session\Handlers\FileHandler' driver.
ERROR - 2025-04-17 20:30:40 --> mysqli_sql_exception: PROCEDURE mate-ecommerce.ObtenerGeneros does not exist in C:\xampp\htdocs\proyecto_BenitezNatalia\system\Database\MySQLi\Connection.php:306
Stack trace:
#0 C:\xampp\htdocs\proyecto_BenitezNatalia\system\Database\MySQLi\Connection.php(306): mysqli->query('CALL ObtenerGen...', 0)
#1 C:\xampp\htdocs\proyecto_BenitezNatalia\system\Database\BaseConnection.php(693): CodeIgniter\Database\MySQLi\Connection->execute('CALL ObtenerGen...')
#2 C:\xampp\htdocs\proyecto_BenitezNatalia\system\Database\BaseConnection.php(607): CodeIgniter\Database\BaseConnection->simpleQuery('CALL ObtenerGen...')
#3 C:\xampp\htdocs\proyecto_BenitezNatalia\app\Models\GeneroModel.php(16): CodeIgniter\Database\BaseConnection->query('CALL ObtenerGen...')
#4 C:\xampp\htdocs\proyecto_BenitezNatalia\app\Controllers\ProductController.php(14): App\Models\GeneroModel->obtenerGeneros()
#5 C:\xampp\htdocs\proyecto_BenitezNatalia\system\CodeIgniter.php(941): App\Controllers\ProductController->show_product_form()
#6 C:\xampp\htdocs\proyecto_BenitezNatalia\system\CodeIgniter.php(502): CodeIgniter\CodeIgniter->runController(Object(App\Controllers\ProductController))
#7 C:\xampp\htdocs\proyecto_BenitezNatalia\system\CodeIgniter.php(361): CodeIgniter\CodeIgniter->handleRequest(NULL, Object(Config\Cache), false)
#8 C:\xampp\htdocs\proyecto_BenitezNatalia\index.php(79): CodeIgniter\CodeIgniter->run()
#9 {main}
CRITICAL - 2025-04-17 20:30:40 --> CodeIgniter\Database\Exceptions\DatabaseException: PROCEDURE mate-ecommerce.ObtenerGeneros does not exist
in SYSTEMPATH\Database\BaseConnection.php on line 647.
 1 APPPATH\Models\GeneroModel.php(16): CodeIgniter\Database\BaseConnection->query('CALL ObtenerGeneros()')
 2 APPPATH\Controllers\ProductController.php(14): App\Models\GeneroModel->obtenerGeneros()
 3 SYSTEMPATH\CodeIgniter.php(941): App\Controllers\ProductController->show_product_form()
 4 SYSTEMPATH\CodeIgniter.php(502): CodeIgniter\CodeIgniter->runController(Object(App\Controllers\ProductController))
 5 SYSTEMPATH\CodeIgniter.php(361): CodeIgniter\CodeIgniter->handleRequest(null, Object(Config\Cache), false)
 6 FCPATH\index.php(79): CodeIgniter\CodeIgniter->run()
CRITICAL - 2025-04-17 20:30:40 --> [Caused by] CodeIgniter\Database\Exceptions\DatabaseException: PROCEDURE mate-ecommerce.ObtenerGeneros does not exist
in SYSTEMPATH\Database\MySQLi\Connection.php on line 311.
 1 SYSTEMPATH\Database\BaseConnection.php(693): CodeIgniter\Database\MySQLi\Connection->execute('CALL ObtenerGeneros()')
 2 SYSTEMPATH\Database\BaseConnection.php(607): CodeIgniter\Database\BaseConnection->simpleQuery('CALL ObtenerGeneros()')
 3 APPPATH\Models\GeneroModel.php(16): CodeIgniter\Database\BaseConnection->query('CALL ObtenerGeneros()')
 4 APPPATH\Controllers\ProductController.php(14): App\Models\GeneroModel->obtenerGeneros()
 5 SYSTEMPATH\CodeIgniter.php(941): App\Controllers\ProductController->show_product_form()
 6 SYSTEMPATH\CodeIgniter.php(502): CodeIgniter\CodeIgniter->runController(Object(App\Controllers\ProductController))
 7 SYSTEMPATH\CodeIgniter.php(361): CodeIgniter\CodeIgniter->handleRequest(null, Object(Config\Cache), false)
 8 FCPATH\index.php(79): CodeIgniter\CodeIgniter->run()
CRITICAL - 2025-04-17 20:30:40 --> [Caused by] mysqli_sql_exception: PROCEDURE mate-ecommerce.ObtenerGeneros does not exist
in SYSTEMPATH\Database\MySQLi\Connection.php on line 306.
 1 SYSTEMPATH\Database\MySQLi\Connection.php(306): mysqli->query('CALL ObtenerGeneros()', 0)
 2 SYSTEMPATH\Database\BaseConnection.php(693): CodeIgniter\Database\MySQLi\Connection->execute('CALL ObtenerGeneros()')
 3 SYSTEMPATH\Database\BaseConnection.php(607): CodeIgniter\Database\BaseConnection->simpleQuery('CALL ObtenerGeneros()')
 4 APPPATH\Models\GeneroModel.php(16): CodeIgniter\Database\BaseConnection->query('CALL ObtenerGeneros()')
 5 APPPATH\Controllers\ProductController.php(14): App\Models\GeneroModel->obtenerGeneros()
 6 SYSTEMPATH\CodeIgniter.php(941): App\Controllers\ProductController->show_product_form()
 7 SYSTEMPATH\CodeIgniter.php(502): CodeIgniter\CodeIgniter->runController(Object(App\Controllers\ProductController))
 8 SYSTEMPATH\CodeIgniter.php(361): CodeIgniter\CodeIgniter->handleRequest(null, Object(Config\Cache), false)
 9 FCPATH\index.php(79): CodeIgniter\CodeIgniter->run()
INFO - 2025-04-17 20:31:26 --> Session: Class initialized using 'CodeIgniter\Session\Handlers\FileHandler' driver.
ERROR - 2025-04-17 20:31:27 --> mysqli_sql_exception: PROCEDURE mate-ecommerce.ObtenerGeneros does not exist in C:\xampp\htdocs\proyecto_BenitezNatalia\system\Database\MySQLi\Connection.php:306
Stack trace:
#0 C:\xampp\htdocs\proyecto_BenitezNatalia\system\Database\MySQLi\Connection.php(306): mysqli->query('CALL ObtenerGen...', 0)
#1 C:\xampp\htdocs\proyecto_BenitezNatalia\system\Database\BaseConnection.php(693): CodeIgniter\Database\MySQLi\Connection->execute('CALL ObtenerGen...')
#2 C:\xampp\htdocs\proyecto_BenitezNatalia\system\Database\BaseConnection.php(607): CodeIgniter\Database\BaseConnection->simpleQuery('CALL ObtenerGen...')
#3 C:\xampp\htdocs\proyecto_BenitezNatalia\app\Models\GeneroModel.php(16): CodeIgniter\Database\BaseConnection->query('CALL ObtenerGen...')
#4 C:\xampp\htdocs\proyecto_BenitezNatalia\app\Controllers\ProductController.php(14): App\Models\GeneroModel->obtenerGeneros()
#5 C:\xampp\htdocs\proyecto_BenitezNatalia\system\CodeIgniter.php(941): App\Controllers\ProductController->show_product_form()
#6 C:\xampp\htdocs\proyecto_BenitezNatalia\system\CodeIgniter.php(502): CodeIgniter\CodeIgniter->runController(Object(App\Controllers\ProductController))
#7 C:\xampp\htdocs\proyecto_BenitezNatalia\system\CodeIgniter.php(361): CodeIgniter\CodeIgniter->handleRequest(NULL, Object(Config\Cache), false)
#8 C:\xampp\htdocs\proyecto_BenitezNatalia\index.php(79): CodeIgniter\CodeIgniter->run()
#9 {main}
CRITICAL - 2025-04-17 20:31:27 --> CodeIgniter\Database\Exceptions\DatabaseException: PROCEDURE mate-ecommerce.ObtenerGeneros does not exist
in SYSTEMPATH\Database\BaseConnection.php on line 647.
 1 APPPATH\Models\GeneroModel.php(16): CodeIgniter\Database\BaseConnection->query('CALL ObtenerGeneros()')
 2 APPPATH\Controllers\ProductController.php(14): App\Models\GeneroModel->obtenerGeneros()
 3 SYSTEMPATH\CodeIgniter.php(941): App\Controllers\ProductController->show_product_form()
 4 SYSTEMPATH\CodeIgniter.php(502): CodeIgniter\CodeIgniter->runController(Object(App\Controllers\ProductController))
 5 SYSTEMPATH\CodeIgniter.php(361): CodeIgniter\CodeIgniter->handleRequest(null, Object(Config\Cache), false)
 6 FCPATH\index.php(79): CodeIgniter\CodeIgniter->run()
CRITICAL - 2025-04-17 20:31:27 --> [Caused by] CodeIgniter\Database\Exceptions\DatabaseException: PROCEDURE mate-ecommerce.ObtenerGeneros does not exist
in SYSTEMPATH\Database\MySQLi\Connection.php on line 311.
 1 SYSTEMPATH\Database\BaseConnection.php(693): CodeIgniter\Database\MySQLi\Connection->execute('CALL ObtenerGeneros()')
 2 SYSTEMPATH\Database\BaseConnection.php(607): CodeIgniter\Database\BaseConnection->simpleQuery('CALL ObtenerGeneros()')
 3 APPPATH\Models\GeneroModel.php(16): CodeIgniter\Database\BaseConnection->query('CALL ObtenerGeneros()')
 4 APPPATH\Controllers\ProductController.php(14): App\Models\GeneroModel->obtenerGeneros()
 5 SYSTEMPATH\CodeIgniter.php(941): App\Controllers\ProductController->show_product_form()
 6 SYSTEMPATH\CodeIgniter.php(502): CodeIgniter\CodeIgniter->runController(Object(App\Controllers\ProductController))
 7 SYSTEMPATH\CodeIgniter.php(361): CodeIgniter\CodeIgniter->handleRequest(null, Object(Config\Cache), false)
 8 FCPATH\index.php(79): CodeIgniter\CodeIgniter->run()
CRITICAL - 2025-04-17 20:31:27 --> [Caused by] mysqli_sql_exception: PROCEDURE mate-ecommerce.ObtenerGeneros does not exist
in SYSTEMPATH\Database\MySQLi\Connection.php on line 306.
 1 SYSTEMPATH\Database\MySQLi\Connection.php(306): mysqli->query('CALL ObtenerGeneros()', 0)
 2 SYSTEMPATH\Database\BaseConnection.php(693): CodeIgniter\Database\MySQLi\Connection->execute('CALL ObtenerGeneros()')
 3 SYSTEMPATH\Database\BaseConnection.php(607): CodeIgniter\Database\BaseConnection->simpleQuery('CALL ObtenerGeneros()')
 4 APPPATH\Models\GeneroModel.php(16): CodeIgniter\Database\BaseConnection->query('CALL ObtenerGeneros()')
 5 APPPATH\Controllers\ProductController.php(14): App\Models\GeneroModel->obtenerGeneros()
 6 SYSTEMPATH\CodeIgniter.php(941): App\Controllers\ProductController->show_product_form()
 7 SYSTEMPATH\CodeIgniter.php(502): CodeIgniter\CodeIgniter->runController(Object(App\Controllers\ProductController))
 8 SYSTEMPATH\CodeIgniter.php(361): CodeIgniter\CodeIgniter->handleRequest(null, Object(Config\Cache), false)
 9 FCPATH\index.php(79): CodeIgniter\CodeIgniter->run()
INFO - 2025-04-17 20:32:00 --> Session: Class initialized using 'CodeIgniter\Session\Handlers\FileHandler' driver.
ERROR - 2025-04-17 20:32:00 --> mysqli_sql_exception: PROCEDURE mate-ecommerce.ObtenerGeneros does not exist in C:\xampp\htdocs\proyecto_BenitezNatalia\system\Database\MySQLi\Connection.php:306
Stack trace:
#0 C:\xampp\htdocs\proyecto_BenitezNatalia\system\Database\MySQLi\Connection.php(306): mysqli->query('CALL ObtenerGen...', 0)
#1 C:\xampp\htdocs\proyecto_BenitezNatalia\system\Database\BaseConnection.php(693): CodeIgniter\Database\MySQLi\Connection->execute('CALL ObtenerGen...')
#2 C:\xampp\htdocs\proyecto_BenitezNatalia\system\Database\BaseConnection.php(607): CodeIgniter\Database\BaseConnection->simpleQuery('CALL ObtenerGen...')
#3 C:\xampp\htdocs\proyecto_BenitezNatalia\app\Models\GeneroModel.php(16): CodeIgniter\Database\BaseConnection->query('CALL ObtenerGen...')
#4 C:\xampp\htdocs\proyecto_BenitezNatalia\app\Controllers\ProductController.php(14): App\Models\GeneroModel->obtenerGeneros()
#5 C:\xampp\htdocs\proyecto_BenitezNatalia\system\CodeIgniter.php(941): App\Controllers\ProductController->show_product_form()
#6 C:\xampp\htdocs\proyecto_BenitezNatalia\system\CodeIgniter.php(502): CodeIgniter\CodeIgniter->runController(Object(App\Controllers\ProductController))
#7 C:\xampp\htdocs\proyecto_BenitezNatalia\system\CodeIgniter.php(361): CodeIgniter\CodeIgniter->handleRequest(NULL, Object(Config\Cache), false)
#8 C:\xampp\htdocs\proyecto_BenitezNatalia\index.php(79): CodeIgniter\CodeIgniter->run()
#9 {main}
CRITICAL - 2025-04-17 20:32:00 --> CodeIgniter\Database\Exceptions\DatabaseException: PROCEDURE mate-ecommerce.ObtenerGeneros does not exist
in SYSTEMPATH\Database\BaseConnection.php on line 647.
 1 APPPATH\Models\GeneroModel.php(16): CodeIgniter\Database\BaseConnection->query('CALL ObtenerGeneros()')
 2 APPPATH\Controllers\ProductController.php(14): App\Models\GeneroModel->obtenerGeneros()
 3 SYSTEMPATH\CodeIgniter.php(941): App\Controllers\ProductController->show_product_form()
 4 SYSTEMPATH\CodeIgniter.php(502): CodeIgniter\CodeIgniter->runController(Object(App\Controllers\ProductController))
 5 SYSTEMPATH\CodeIgniter.php(361): CodeIgniter\CodeIgniter->handleRequest(null, Object(Config\Cache), false)
 6 FCPATH\index.php(79): CodeIgniter\CodeIgniter->run()
CRITICAL - 2025-04-17 20:32:00 --> [Caused by] CodeIgniter\Database\Exceptions\DatabaseException: PROCEDURE mate-ecommerce.ObtenerGeneros does not exist
in SYSTEMPATH\Database\MySQLi\Connection.php on line 311.
 1 SYSTEMPATH\Database\BaseConnection.php(693): CodeIgniter\Database\MySQLi\Connection->execute('CALL ObtenerGeneros()')
 2 SYSTEMPATH\Database\BaseConnection.php(607): CodeIgniter\Database\BaseConnection->simpleQuery('CALL ObtenerGeneros()')
 3 APPPATH\Models\GeneroModel.php(16): CodeIgniter\Database\BaseConnection->query('CALL ObtenerGeneros()')
 4 APPPATH\Controllers\ProductController.php(14): App\Models\GeneroModel->obtenerGeneros()
 5 SYSTEMPATH\CodeIgniter.php(941): App\Controllers\ProductController->show_product_form()
 6 SYSTEMPATH\CodeIgniter.php(502): CodeIgniter\CodeIgniter->runController(Object(App\Controllers\ProductController))
 7 SYSTEMPATH\CodeIgniter.php(361): CodeIgniter\CodeIgniter->handleRequest(null, Object(Config\Cache), false)
 8 FCPATH\index.php(79): CodeIgniter\CodeIgniter->run()
CRITICAL - 2025-04-17 20:32:00 --> [Caused by] mysqli_sql_exception: PROCEDURE mate-ecommerce.ObtenerGeneros does not exist
in SYSTEMPATH\Database\MySQLi\Connection.php on line 306.
 1 SYSTEMPATH\Database\MySQLi\Connection.php(306): mysqli->query('CALL ObtenerGeneros()', 0)
 2 SYSTEMPATH\Database\BaseConnection.php(693): CodeIgniter\Database\MySQLi\Connection->execute('CALL ObtenerGeneros()')
 3 SYSTEMPATH\Database\BaseConnection.php(607): CodeIgniter\Database\BaseConnection->simpleQuery('CALL ObtenerGeneros()')
 4 APPPATH\Models\GeneroModel.php(16): CodeIgniter\Database\BaseConnection->query('CALL ObtenerGeneros()')
 5 APPPATH\Controllers\ProductController.php(14): App\Models\GeneroModel->obtenerGeneros()
 6 SYSTEMPATH\CodeIgniter.php(941): App\Controllers\ProductController->show_product_form()
 7 SYSTEMPATH\CodeIgniter.php(502): CodeIgniter\CodeIgniter->runController(Object(App\Controllers\ProductController))
 8 SYSTEMPATH\CodeIgniter.php(361): CodeIgniter\CodeIgniter->handleRequest(null, Object(Config\Cache), false)
 9 FCPATH\index.php(79): CodeIgniter\CodeIgniter->run()
INFO - 2025-04-17 20:32:02 --> Session: Class initialized using 'CodeIgniter\Session\Handlers\FileHandler' driver.
ERROR - 2025-04-17 20:32:02 --> mysqli_sql_exception: PROCEDURE mate-ecommerce.ObtenerGeneros does not exist in C:\xampp\htdocs\proyecto_BenitezNatalia\system\Database\MySQLi\Connection.php:306
Stack trace:
#0 C:\xampp\htdocs\proyecto_BenitezNatalia\system\Database\MySQLi\Connection.php(306): mysqli->query('CALL ObtenerGen...', 0)
#1 C:\xampp\htdocs\proyecto_BenitezNatalia\system\Database\BaseConnection.php(693): CodeIgniter\Database\MySQLi\Connection->execute('CALL ObtenerGen...')
#2 C:\xampp\htdocs\proyecto_BenitezNatalia\system\Database\BaseConnection.php(607): CodeIgniter\Database\BaseConnection->simpleQuery('CALL ObtenerGen...')
#3 C:\xampp\htdocs\proyecto_BenitezNatalia\app\Models\GeneroModel.php(16): CodeIgniter\Database\BaseConnection->query('CALL ObtenerGen...')
#4 C:\xampp\htdocs\proyecto_BenitezNatalia\app\Controllers\ProductController.php(14): App\Models\GeneroModel->obtenerGeneros()
#5 C:\xampp\htdocs\proyecto_BenitezNatalia\system\CodeIgniter.php(941): App\Controllers\ProductController->show_product_form()
#6 C:\xampp\htdocs\proyecto_BenitezNatalia\system\CodeIgniter.php(502): CodeIgniter\CodeIgniter->runController(Object(App\Controllers\ProductController))
#7 C:\xampp\htdocs\proyecto_BenitezNatalia\system\CodeIgniter.php(361): CodeIgniter\CodeIgniter->handleRequest(NULL, Object(Config\Cache), false)
#8 C:\xampp\htdocs\proyecto_BenitezNatalia\index.php(79): CodeIgniter\CodeIgniter->run()
#9 {main}
CRITICAL - 2025-04-17 20:32:02 --> CodeIgniter\Database\Exceptions\DatabaseException: PROCEDURE mate-ecommerce.ObtenerGeneros does not exist
in SYSTEMPATH\Database\BaseConnection.php on line 647.
 1 APPPATH\Models\GeneroModel.php(16): CodeIgniter\Database\BaseConnection->query('CALL ObtenerGeneros()')
 2 APPPATH\Controllers\ProductController.php(14): App\Models\GeneroModel->obtenerGeneros()
 3 SYSTEMPATH\CodeIgniter.php(941): App\Controllers\ProductController->show_product_form()
 4 SYSTEMPATH\CodeIgniter.php(502): CodeIgniter\CodeIgniter->runController(Object(App\Controllers\ProductController))
 5 SYSTEMPATH\CodeIgniter.php(361): CodeIgniter\CodeIgniter->handleRequest(null, Object(Config\Cache), false)
 6 FCPATH\index.php(79): CodeIgniter\CodeIgniter->run()
CRITICAL - 2025-04-17 20:32:02 --> [Caused by] CodeIgniter\Database\Exceptions\DatabaseException: PROCEDURE mate-ecommerce.ObtenerGeneros does not exist
in SYSTEMPATH\Database\MySQLi\Connection.php on line 311.
 1 SYSTEMPATH\Database\BaseConnection.php(693): CodeIgniter\Database\MySQLi\Connection->execute('CALL ObtenerGeneros()')
 2 SYSTEMPATH\Database\BaseConnection.php(607): CodeIgniter\Database\BaseConnection->simpleQuery('CALL ObtenerGeneros()')
 3 APPPATH\Models\GeneroModel.php(16): CodeIgniter\Database\BaseConnection->query('CALL ObtenerGeneros()')
 4 APPPATH\Controllers\ProductController.php(14): App\Models\GeneroModel->obtenerGeneros()
 5 SYSTEMPATH\CodeIgniter.php(941): App\Controllers\ProductController->show_product_form()
 6 SYSTEMPATH\CodeIgniter.php(502): CodeIgniter\CodeIgniter->runController(Object(App\Controllers\ProductController))
 7 SYSTEMPATH\CodeIgniter.php(361): CodeIgniter\CodeIgniter->handleRequest(null, Object(Config\Cache), false)
 8 FCPATH\index.php(79): CodeIgniter\CodeIgniter->run()
CRITICAL - 2025-04-17 20:32:02 --> [Caused by] mysqli_sql_exception: PROCEDURE mate-ecommerce.ObtenerGeneros does not exist
in SYSTEMPATH\Database\MySQLi\Connection.php on line 306.
 1 SYSTEMPATH\Database\MySQLi\Connection.php(306): mysqli->query('CALL ObtenerGeneros()', 0)
 2 SYSTEMPATH\Database\BaseConnection.php(693): CodeIgniter\Database\MySQLi\Connection->execute('CALL ObtenerGeneros()')
 3 SYSTEMPATH\Database\BaseConnection.php(607): CodeIgniter\Database\BaseConnection->simpleQuery('CALL ObtenerGeneros()')
 4 APPPATH\Models\GeneroModel.php(16): CodeIgniter\Database\BaseConnection->query('CALL ObtenerGeneros()')
 5 APPPATH\Controllers\ProductController.php(14): App\Models\GeneroModel->obtenerGeneros()
 6 SYSTEMPATH\CodeIgniter.php(941): App\Controllers\ProductController->show_product_form()
 7 SYSTEMPATH\CodeIgniter.php(502): CodeIgniter\CodeIgniter->runController(Object(App\Controllers\ProductController))
 8 SYSTEMPATH\CodeIgniter.php(361): CodeIgniter\CodeIgniter->handleRequest(null, Object(Config\Cache), false)
 9 FCPATH\index.php(79): CodeIgniter\CodeIgniter->run()
INFO - 2025-04-17 20:32:38 --> Session: Class initialized using 'CodeIgniter\Session\Handlers\FileHandler' driver.
ERROR - 2025-04-17 20:32:39 --> mysqli_sql_exception: PROCEDURE mate-ecommerce.ObtenerGeneros does not exist in C:\xampp\htdocs\proyecto_BenitezNatalia\system\Database\MySQLi\Connection.php:306
Stack trace:
#0 C:\xampp\htdocs\proyecto_BenitezNatalia\system\Database\MySQLi\Connection.php(306): mysqli->query('CALL ObtenerGen...', 0)
#1 C:\xampp\htdocs\proyecto_BenitezNatalia\system\Database\BaseConnection.php(693): CodeIgniter\Database\MySQLi\Connection->execute('CALL ObtenerGen...')
#2 C:\xampp\htdocs\proyecto_BenitezNatalia\system\Database\BaseConnection.php(607): CodeIgniter\Database\BaseConnection->simpleQuery('CALL ObtenerGen...')
#3 C:\xampp\htdocs\proyecto_BenitezNatalia\app\Models\GeneroModel.php(16): CodeIgniter\Database\BaseConnection->query('CALL ObtenerGen...')
#4 C:\xampp\htdocs\proyecto_BenitezNatalia\app\Controllers\ProductController.php(14): App\Models\GeneroModel->obtenerGeneros()
#5 C:\xampp\htdocs\proyecto_BenitezNatalia\system\CodeIgniter.php(941): App\Controllers\ProductController->show_product_form()
#6 C:\xampp\htdocs\proyecto_BenitezNatalia\system\CodeIgniter.php(502): CodeIgniter\CodeIgniter->runController(Object(App\Controllers\ProductController))
#7 C:\xampp\htdocs\proyecto_BenitezNatalia\system\CodeIgniter.php(361): CodeIgniter\CodeIgniter->handleRequest(NULL, Object(Config\Cache), false)
#8 C:\xampp\htdocs\proyecto_BenitezNatalia\index.php(79): CodeIgniter\CodeIgniter->run()
#9 {main}
CRITICAL - 2025-04-17 20:32:39 --> CodeIgniter\Database\Exceptions\DatabaseException: PROCEDURE mate-ecommerce.ObtenerGeneros does not exist
in SYSTEMPATH\Database\BaseConnection.php on line 647.
 1 APPPATH\Models\GeneroModel.php(16): CodeIgniter\Database\BaseConnection->query('CALL ObtenerGeneros()')
 2 APPPATH\Controllers\ProductController.php(14): App\Models\GeneroModel->obtenerGeneros()
 3 SYSTEMPATH\CodeIgniter.php(941): App\Controllers\ProductController->show_product_form()
 4 SYSTEMPATH\CodeIgniter.php(502): CodeIgniter\CodeIgniter->runController(Object(App\Controllers\ProductController))
 5 SYSTEMPATH\CodeIgniter.php(361): CodeIgniter\CodeIgniter->handleRequest(null, Object(Config\Cache), false)
 6 FCPATH\index.php(79): CodeIgniter\CodeIgniter->run()
CRITICAL - 2025-04-17 20:32:39 --> [Caused by] CodeIgniter\Database\Exceptions\DatabaseException: PROCEDURE mate-ecommerce.ObtenerGeneros does not exist
in SYSTEMPATH\Database\MySQLi\Connection.php on line 311.
 1 SYSTEMPATH\Database\BaseConnection.php(693): CodeIgniter\Database\MySQLi\Connection->execute('CALL ObtenerGeneros()')
 2 SYSTEMPATH\Database\BaseConnection.php(607): CodeIgniter\Database\BaseConnection->simpleQuery('CALL ObtenerGeneros()')
 3 APPPATH\Models\GeneroModel.php(16): CodeIgniter\Database\BaseConnection->query('CALL ObtenerGeneros()')
 4 APPPATH\Controllers\ProductController.php(14): App\Models\GeneroModel->obtenerGeneros()
 5 SYSTEMPATH\CodeIgniter.php(941): App\Controllers\ProductController->show_product_form()
 6 SYSTEMPATH\CodeIgniter.php(502): CodeIgniter\CodeIgniter->runController(Object(App\Controllers\ProductController))
 7 SYSTEMPATH\CodeIgniter.php(361): CodeIgniter\CodeIgniter->handleRequest(null, Object(Config\Cache), false)
 8 FCPATH\index.php(79): CodeIgniter\CodeIgniter->run()
CRITICAL - 2025-04-17 20:32:39 --> [Caused by] mysqli_sql_exception: PROCEDURE mate-ecommerce.ObtenerGeneros does not exist
in SYSTEMPATH\Database\MySQLi\Connection.php on line 306.
 1 SYSTEMPATH\Database\MySQLi\Connection.php(306): mysqli->query('CALL ObtenerGeneros()', 0)
 2 SYSTEMPATH\Database\BaseConnection.php(693): CodeIgniter\Database\MySQLi\Connection->execute('CALL ObtenerGeneros()')
 3 SYSTEMPATH\Database\BaseConnection.php(607): CodeIgniter\Database\BaseConnection->simpleQuery('CALL ObtenerGeneros()')
 4 APPPATH\Models\GeneroModel.php(16): CodeIgniter\Database\BaseConnection->query('CALL ObtenerGeneros()')
 5 APPPATH\Controllers\ProductController.php(14): App\Models\GeneroModel->obtenerGeneros()
 6 SYSTEMPATH\CodeIgniter.php(941): App\Controllers\ProductController->show_product_form()
 7 SYSTEMPATH\CodeIgniter.php(502): CodeIgniter\CodeIgniter->runController(Object(App\Controllers\ProductController))
 8 SYSTEMPATH\CodeIgniter.php(361): CodeIgniter\CodeIgniter->handleRequest(null, Object(Config\Cache), false)
 9 FCPATH\index.php(79): CodeIgniter\CodeIgniter->run()
INFO - 2025-04-17 20:32:40 --> Session: Class initialized using 'CodeIgniter\Session\Handlers\FileHandler' driver.
ERROR - 2025-04-17 20:32:40 --> mysqli_sql_exception: PROCEDURE mate-ecommerce.ObtenerGeneros does not exist in C:\xampp\htdocs\proyecto_BenitezNatalia\system\Database\MySQLi\Connection.php:306
Stack trace:
#0 C:\xampp\htdocs\proyecto_BenitezNatalia\system\Database\MySQLi\Connection.php(306): mysqli->query('CALL ObtenerGen...', 0)
#1 C:\xampp\htdocs\proyecto_BenitezNatalia\system\Database\BaseConnection.php(693): CodeIgniter\Database\MySQLi\Connection->execute('CALL ObtenerGen...')
#2 C:\xampp\htdocs\proyecto_BenitezNatalia\system\Database\BaseConnection.php(607): CodeIgniter\Database\BaseConnection->simpleQuery('CALL ObtenerGen...')
#3 C:\xampp\htdocs\proyecto_BenitezNatalia\app\Models\GeneroModel.php(16): CodeIgniter\Database\BaseConnection->query('CALL ObtenerGen...')
#4 C:\xampp\htdocs\proyecto_BenitezNatalia\app\Controllers\ProductController.php(14): App\Models\GeneroModel->obtenerGeneros()
#5 C:\xampp\htdocs\proyecto_BenitezNatalia\system\CodeIgniter.php(941): App\Controllers\ProductController->show_product_form()
#6 C:\xampp\htdocs\proyecto_BenitezNatalia\system\CodeIgniter.php(502): CodeIgniter\CodeIgniter->runController(Object(App\Controllers\ProductController))
#7 C:\xampp\htdocs\proyecto_BenitezNatalia\system\CodeIgniter.php(361): CodeIgniter\CodeIgniter->handleRequest(NULL, Object(Config\Cache), false)
#8 C:\xampp\htdocs\proyecto_BenitezNatalia\index.php(79): CodeIgniter\CodeIgniter->run()
#9 {main}
CRITICAL - 2025-04-17 20:32:40 --> CodeIgniter\Database\Exceptions\DatabaseException: PROCEDURE mate-ecommerce.ObtenerGeneros does not exist
in SYSTEMPATH\Database\BaseConnection.php on line 647.
 1 APPPATH\Models\GeneroModel.php(16): CodeIgniter\Database\BaseConnection->query('CALL ObtenerGeneros()')
 2 APPPATH\Controllers\ProductController.php(14): App\Models\GeneroModel->obtenerGeneros()
 3 SYSTEMPATH\CodeIgniter.php(941): App\Controllers\ProductController->show_product_form()
 4 SYSTEMPATH\CodeIgniter.php(502): CodeIgniter\CodeIgniter->runController(Object(App\Controllers\ProductController))
 5 SYSTEMPATH\CodeIgniter.php(361): CodeIgniter\CodeIgniter->handleRequest(null, Object(Config\Cache), false)
 6 FCPATH\index.php(79): CodeIgniter\CodeIgniter->run()
CRITICAL - 2025-04-17 20:32:40 --> [Caused by] CodeIgniter\Database\Exceptions\DatabaseException: PROCEDURE mate-ecommerce.ObtenerGeneros does not exist
in SYSTEMPATH\Database\MySQLi\Connection.php on line 311.
 1 SYSTEMPATH\Database\BaseConnection.php(693): CodeIgniter\Database\MySQLi\Connection->execute('CALL ObtenerGeneros()')
 2 SYSTEMPATH\Database\BaseConnection.php(607): CodeIgniter\Database\BaseConnection->simpleQuery('CALL ObtenerGeneros()')
 3 APPPATH\Models\GeneroModel.php(16): CodeIgniter\Database\BaseConnection->query('CALL ObtenerGeneros()')
 4 APPPATH\Controllers\ProductController.php(14): App\Models\GeneroModel->obtenerGeneros()
 5 SYSTEMPATH\CodeIgniter.php(941): App\Controllers\ProductController->show_product_form()
 6 SYSTEMPATH\CodeIgniter.php(502): CodeIgniter\CodeIgniter->runController(Object(App\Controllers\ProductController))
 7 SYSTEMPATH\CodeIgniter.php(361): CodeIgniter\CodeIgniter->handleRequest(null, Object(Config\Cache), false)
 8 FCPATH\index.php(79): CodeIgniter\CodeIgniter->run()
CRITICAL - 2025-04-17 20:32:40 --> [Caused by] mysqli_sql_exception: PROCEDURE mate-ecommerce.ObtenerGeneros does not exist
in SYSTEMPATH\Database\MySQLi\Connection.php on line 306.
 1 SYSTEMPATH\Database\MySQLi\Connection.php(306): mysqli->query('CALL ObtenerGeneros()', 0)
 2 SYSTEMPATH\Database\BaseConnection.php(693): CodeIgniter\Database\MySQLi\Connection->execute('CALL ObtenerGeneros()')
 3 SYSTEMPATH\Database\BaseConnection.php(607): CodeIgniter\Database\BaseConnection->simpleQuery('CALL ObtenerGeneros()')
 4 APPPATH\Models\GeneroModel.php(16): CodeIgniter\Database\BaseConnection->query('CALL ObtenerGeneros()')
 5 APPPATH\Controllers\ProductController.php(14): App\Models\GeneroModel->obtenerGeneros()
 6 SYSTEMPATH\CodeIgniter.php(941): App\Controllers\ProductController->show_product_form()
 7 SYSTEMPATH\CodeIgniter.php(502): CodeIgniter\CodeIgniter->runController(Object(App\Controllers\ProductController))
 8 SYSTEMPATH\CodeIgniter.php(361): CodeIgniter\CodeIgniter->handleRequest(null, Object(Config\Cache), false)
 9 FCPATH\index.php(79): CodeIgniter\CodeIgniter->run()
INFO - 2025-04-17 20:32:57 --> Session: Class initialized using 'CodeIgniter\Session\Handlers\FileHandler' driver.
ERROR - 2025-04-17 20:32:57 --> mysqli_sql_exception: PROCEDURE mate-ecommerce.ObtenerGeneros does not exist in C:\xampp\htdocs\proyecto_BenitezNatalia\system\Database\MySQLi\Connection.php:306
Stack trace:
#0 C:\xampp\htdocs\proyecto_BenitezNatalia\system\Database\MySQLi\Connection.php(306): mysqli->query('CALL ObtenerGen...', 0)
#1 C:\xampp\htdocs\proyecto_BenitezNatalia\system\Database\BaseConnection.php(693): CodeIgniter\Database\MySQLi\Connection->execute('CALL ObtenerGen...')
#2 C:\xampp\htdocs\proyecto_BenitezNatalia\system\Database\BaseConnection.php(607): CodeIgniter\Database\BaseConnection->simpleQuery('CALL ObtenerGen...')
#3 C:\xampp\htdocs\proyecto_BenitezNatalia\app\Models\GeneroModel.php(16): CodeIgniter\Database\BaseConnection->query('CALL ObtenerGen...')
#4 C:\xampp\htdocs\proyecto_BenitezNatalia\app\Controllers\ProductController.php(14): App\Models\GeneroModel->obtenerGeneros()
#5 C:\xampp\htdocs\proyecto_BenitezNatalia\system\CodeIgniter.php(941): App\Controllers\ProductController->show_product_form()
#6 C:\xampp\htdocs\proyecto_BenitezNatalia\system\CodeIgniter.php(502): CodeIgniter\CodeIgniter->runController(Object(App\Controllers\ProductController))
#7 C:\xampp\htdocs\proyecto_BenitezNatalia\system\CodeIgniter.php(361): CodeIgniter\CodeIgniter->handleRequest(NULL, Object(Config\Cache), false)
#8 C:\xampp\htdocs\proyecto_BenitezNatalia\index.php(79): CodeIgniter\CodeIgniter->run()
#9 {main}
CRITICAL - 2025-04-17 20:32:57 --> CodeIgniter\Database\Exceptions\DatabaseException: PROCEDURE mate-ecommerce.ObtenerGeneros does not exist
in SYSTEMPATH\Database\BaseConnection.php on line 647.
 1 APPPATH\Models\GeneroModel.php(16): CodeIgniter\Database\BaseConnection->query('CALL ObtenerGeneros()')
 2 APPPATH\Controllers\ProductController.php(14): App\Models\GeneroModel->obtenerGeneros()
 3 SYSTEMPATH\CodeIgniter.php(941): App\Controllers\ProductController->show_product_form()
 4 SYSTEMPATH\CodeIgniter.php(502): CodeIgniter\CodeIgniter->runController(Object(App\Controllers\ProductController))
 5 SYSTEMPATH\CodeIgniter.php(361): CodeIgniter\CodeIgniter->handleRequest(null, Object(Config\Cache), false)
 6 FCPATH\index.php(79): CodeIgniter\CodeIgniter->run()
CRITICAL - 2025-04-17 20:32:57 --> [Caused by] CodeIgniter\Database\Exceptions\DatabaseException: PROCEDURE mate-ecommerce.ObtenerGeneros does not exist
in SYSTEMPATH\Database\MySQLi\Connection.php on line 311.
 1 SYSTEMPATH\Database\BaseConnection.php(693): CodeIgniter\Database\MySQLi\Connection->execute('CALL ObtenerGeneros()')
 2 SYSTEMPATH\Database\BaseConnection.php(607): CodeIgniter\Database\BaseConnection->simpleQuery('CALL ObtenerGeneros()')
 3 APPPATH\Models\GeneroModel.php(16): CodeIgniter\Database\BaseConnection->query('CALL ObtenerGeneros()')
 4 APPPATH\Controllers\ProductController.php(14): App\Models\GeneroModel->obtenerGeneros()
 5 SYSTEMPATH\CodeIgniter.php(941): App\Controllers\ProductController->show_product_form()
 6 SYSTEMPATH\CodeIgniter.php(502): CodeIgniter\CodeIgniter->runController(Object(App\Controllers\ProductController))
 7 SYSTEMPATH\CodeIgniter.php(361): CodeIgniter\CodeIgniter->handleRequest(null, Object(Config\Cache), false)
 8 FCPATH\index.php(79): CodeIgniter\CodeIgniter->run()
CRITICAL - 2025-04-17 20:32:57 --> [Caused by] mysqli_sql_exception: PROCEDURE mate-ecommerce.ObtenerGeneros does not exist
in SYSTEMPATH\Database\MySQLi\Connection.php on line 306.
 1 SYSTEMPATH\Database\MySQLi\Connection.php(306): mysqli->query('CALL ObtenerGeneros()', 0)
 2 SYSTEMPATH\Database\BaseConnection.php(693): CodeIgniter\Database\MySQLi\Connection->execute('CALL ObtenerGeneros()')
 3 SYSTEMPATH\Database\BaseConnection.php(607): CodeIgniter\Database\BaseConnection->simpleQuery('CALL ObtenerGeneros()')
 4 APPPATH\Models\GeneroModel.php(16): CodeIgniter\Database\BaseConnection->query('CALL ObtenerGeneros()')
 5 APPPATH\Controllers\ProductController.php(14): App\Models\GeneroModel->obtenerGeneros()
 6 SYSTEMPATH\CodeIgniter.php(941): App\Controllers\ProductController->show_product_form()
 7 SYSTEMPATH\CodeIgniter.php(502): CodeIgniter\CodeIgniter->runController(Object(App\Controllers\ProductController))
 8 SYSTEMPATH\CodeIgniter.php(361): CodeIgniter\CodeIgniter->handleRequest(null, Object(Config\Cache), false)
 9 FCPATH\index.php(79): CodeIgniter\CodeIgniter->run()
INFO - 2025-04-17 20:33:00 --> Session: Class initialized using 'CodeIgniter\Session\Handlers\FileHandler' driver.
INFO - 2025-04-17 20:33:01 --> Session: Class initialized using 'CodeIgniter\Session\Handlers\FileHandler' driver.
INFO - 2025-04-17 20:33:03 --> Session: Class initialized using 'CodeIgniter\Session\Handlers\FileHandler' driver.
ERROR - 2025-04-17 20:33:03 --> mysqli_sql_exception: PROCEDURE mate-ecommerce.ObtenerGeneros does not exist in C:\xampp\htdocs\proyecto_BenitezNatalia\system\Database\MySQLi\Connection.php:306
Stack trace:
#0 C:\xampp\htdocs\proyecto_BenitezNatalia\system\Database\MySQLi\Connection.php(306): mysqli->query('CALL ObtenerGen...', 0)
#1 C:\xampp\htdocs\proyecto_BenitezNatalia\system\Database\BaseConnection.php(693): CodeIgniter\Database\MySQLi\Connection->execute('CALL ObtenerGen...')
#2 C:\xampp\htdocs\proyecto_BenitezNatalia\system\Database\BaseConnection.php(607): CodeIgniter\Database\BaseConnection->simpleQuery('CALL ObtenerGen...')
#3 C:\xampp\htdocs\proyecto_BenitezNatalia\app\Models\GeneroModel.php(16): CodeIgniter\Database\BaseConnection->query('CALL ObtenerGen...')
#4 C:\xampp\htdocs\proyecto_BenitezNatalia\app\Controllers\ProductController.php(14): App\Models\GeneroModel->obtenerGeneros()
#5 C:\xampp\htdocs\proyecto_BenitezNatalia\system\CodeIgniter.php(941): App\Controllers\ProductController->show_product_form()
#6 C:\xampp\htdocs\proyecto_BenitezNatalia\system\CodeIgniter.php(502): CodeIgniter\CodeIgniter->runController(Object(App\Controllers\ProductController))
#7 C:\xampp\htdocs\proyecto_BenitezNatalia\system\CodeIgniter.php(361): CodeIgniter\CodeIgniter->handleRequest(NULL, Object(Config\Cache), false)
#8 C:\xampp\htdocs\proyecto_BenitezNatalia\index.php(79): CodeIgniter\CodeIgniter->run()
#9 {main}
CRITICAL - 2025-04-17 20:33:03 --> CodeIgniter\Database\Exceptions\DatabaseException: PROCEDURE mate-ecommerce.ObtenerGeneros does not exist
in SYSTEMPATH\Database\BaseConnection.php on line 647.
 1 APPPATH\Models\GeneroModel.php(16): CodeIgniter\Database\BaseConnection->query('CALL ObtenerGeneros()')
 2 APPPATH\Controllers\ProductController.php(14): App\Models\GeneroModel->obtenerGeneros()
 3 SYSTEMPATH\CodeIgniter.php(941): App\Controllers\ProductController->show_product_form()
 4 SYSTEMPATH\CodeIgniter.php(502): CodeIgniter\CodeIgniter->runController(Object(App\Controllers\ProductController))
 5 SYSTEMPATH\CodeIgniter.php(361): CodeIgniter\CodeIgniter->handleRequest(null, Object(Config\Cache), false)
 6 FCPATH\index.php(79): CodeIgniter\CodeIgniter->run()
CRITICAL - 2025-04-17 20:33:03 --> [Caused by] CodeIgniter\Database\Exceptions\DatabaseException: PROCEDURE mate-ecommerce.ObtenerGeneros does not exist
in SYSTEMPATH\Database\MySQLi\Connection.php on line 311.
 1 SYSTEMPATH\Database\BaseConnection.php(693): CodeIgniter\Database\MySQLi\Connection->execute('CALL ObtenerGeneros()')
 2 SYSTEMPATH\Database\BaseConnection.php(607): CodeIgniter\Database\BaseConnection->simpleQuery('CALL ObtenerGeneros()')
 3 APPPATH\Models\GeneroModel.php(16): CodeIgniter\Database\BaseConnection->query('CALL ObtenerGeneros()')
 4 APPPATH\Controllers\ProductController.php(14): App\Models\GeneroModel->obtenerGeneros()
 5 SYSTEMPATH\CodeIgniter.php(941): App\Controllers\ProductController->show_product_form()
 6 SYSTEMPATH\CodeIgniter.php(502): CodeIgniter\CodeIgniter->runController(Object(App\Controllers\ProductController))
 7 SYSTEMPATH\CodeIgniter.php(361): CodeIgniter\CodeIgniter->handleRequest(null, Object(Config\Cache), false)
 8 FCPATH\index.php(79): CodeIgniter\CodeIgniter->run()
CRITICAL - 2025-04-17 20:33:03 --> [Caused by] mysqli_sql_exception: PROCEDURE mate-ecommerce.ObtenerGeneros does not exist
in SYSTEMPATH\Database\MySQLi\Connection.php on line 306.
 1 SYSTEMPATH\Database\MySQLi\Connection.php(306): mysqli->query('CALL ObtenerGeneros()', 0)
 2 SYSTEMPATH\Database\BaseConnection.php(693): CodeIgniter\Database\MySQLi\Connection->execute('CALL ObtenerGeneros()')
 3 SYSTEMPATH\Database\BaseConnection.php(607): CodeIgniter\Database\BaseConnection->simpleQuery('CALL ObtenerGeneros()')
 4 APPPATH\Models\GeneroModel.php(16): CodeIgniter\Database\BaseConnection->query('CALL ObtenerGeneros()')
 5 APPPATH\Controllers\ProductController.php(14): App\Models\GeneroModel->obtenerGeneros()
 6 SYSTEMPATH\CodeIgniter.php(941): App\Controllers\ProductController->show_product_form()
 7 SYSTEMPATH\CodeIgniter.php(502): CodeIgniter\CodeIgniter->runController(Object(App\Controllers\ProductController))
 8 SYSTEMPATH\CodeIgniter.php(361): CodeIgniter\CodeIgniter->handleRequest(null, Object(Config\Cache), false)
 9 FCPATH\index.php(79): CodeIgniter\CodeIgniter->run()
INFO - 2025-04-17 20:33:38 --> Session: Class initialized using 'CodeIgniter\Session\Handlers\FileHandler' driver.
ERROR - 2025-04-17 20:33:38 --> mysqli_sql_exception: PROCEDURE mate-ecommerce.ObtenerGeneros does not exist in C:\xampp\htdocs\proyecto_BenitezNatalia\system\Database\MySQLi\Connection.php:306
Stack trace:
#0 C:\xampp\htdocs\proyecto_BenitezNatalia\system\Database\MySQLi\Connection.php(306): mysqli->query('CALL ObtenerGen...', 0)
#1 C:\xampp\htdocs\proyecto_BenitezNatalia\system\Database\BaseConnection.php(693): CodeIgniter\Database\MySQLi\Connection->execute('CALL ObtenerGen...')
#2 C:\xampp\htdocs\proyecto_BenitezNatalia\system\Database\BaseConnection.php(607): CodeIgniter\Database\BaseConnection->simpleQuery('CALL ObtenerGen...')
#3 C:\xampp\htdocs\proyecto_BenitezNatalia\app\Models\GeneroModel.php(16): CodeIgniter\Database\BaseConnection->query('CALL ObtenerGen...')
#4 C:\xampp\htdocs\proyecto_BenitezNatalia\app\Controllers\ProductController.php(14): App\Models\GeneroModel->obtenerGeneros()
#5 C:\xampp\htdocs\proyecto_BenitezNatalia\system\CodeIgniter.php(941): App\Controllers\ProductController->show_product_form()
#6 C:\xampp\htdocs\proyecto_BenitezNatalia\system\CodeIgniter.php(502): CodeIgniter\CodeIgniter->runController(Object(App\Controllers\ProductController))
#7 C:\xampp\htdocs\proyecto_BenitezNatalia\system\CodeIgniter.php(361): CodeIgniter\CodeIgniter->handleRequest(NULL, Object(Config\Cache), false)
#8 C:\xampp\htdocs\proyecto_BenitezNatalia\index.php(79): CodeIgniter\CodeIgniter->run()
#9 {main}
CRITICAL - 2025-04-17 20:33:38 --> CodeIgniter\Database\Exceptions\DatabaseException: PROCEDURE mate-ecommerce.ObtenerGeneros does not exist
in SYSTEMPATH\Database\BaseConnection.php on line 647.
 1 APPPATH\Models\GeneroModel.php(16): CodeIgniter\Database\BaseConnection->query('CALL ObtenerGeneros()')
 2 APPPATH\Controllers\ProductController.php(14): App\Models\GeneroModel->obtenerGeneros()
 3 SYSTEMPATH\CodeIgniter.php(941): App\Controllers\ProductController->show_product_form()
 4 SYSTEMPATH\CodeIgniter.php(502): CodeIgniter\CodeIgniter->runController(Object(App\Controllers\ProductController))
 5 SYSTEMPATH\CodeIgniter.php(361): CodeIgniter\CodeIgniter->handleRequest(null, Object(Config\Cache), false)
 6 FCPATH\index.php(79): CodeIgniter\CodeIgniter->run()
CRITICAL - 2025-04-17 20:33:38 --> [Caused by] CodeIgniter\Database\Exceptions\DatabaseException: PROCEDURE mate-ecommerce.ObtenerGeneros does not exist
in SYSTEMPATH\Database\MySQLi\Connection.php on line 311.
 1 SYSTEMPATH\Database\BaseConnection.php(693): CodeIgniter\Database\MySQLi\Connection->execute('CALL ObtenerGeneros()')
 2 SYSTEMPATH\Database\BaseConnection.php(607): CodeIgniter\Database\BaseConnection->simpleQuery('CALL ObtenerGeneros()')
 3 APPPATH\Models\GeneroModel.php(16): CodeIgniter\Database\BaseConnection->query('CALL ObtenerGeneros()')
 4 APPPATH\Controllers\ProductController.php(14): App\Models\GeneroModel->obtenerGeneros()
 5 SYSTEMPATH\CodeIgniter.php(941): App\Controllers\ProductController->show_product_form()
 6 SYSTEMPATH\CodeIgniter.php(502): CodeIgniter\CodeIgniter->runController(Object(App\Controllers\ProductController))
 7 SYSTEMPATH\CodeIgniter.php(361): CodeIgniter\CodeIgniter->handleRequest(null, Object(Config\Cache), false)
 8 FCPATH\index.php(79): CodeIgniter\CodeIgniter->run()
CRITICAL - 2025-04-17 20:33:38 --> [Caused by] mysqli_sql_exception: PROCEDURE mate-ecommerce.ObtenerGeneros does not exist
in SYSTEMPATH\Database\MySQLi\Connection.php on line 306.
 1 SYSTEMPATH\Database\MySQLi\Connection.php(306): mysqli->query('CALL ObtenerGeneros()', 0)
 2 SYSTEMPATH\Database\BaseConnection.php(693): CodeIgniter\Database\MySQLi\Connection->execute('CALL ObtenerGeneros()')
 3 SYSTEMPATH\Database\BaseConnection.php(607): CodeIgniter\Database\BaseConnection->simpleQuery('CALL ObtenerGeneros()')
 4 APPPATH\Models\GeneroModel.php(16): CodeIgniter\Database\BaseConnection->query('CALL ObtenerGeneros()')
 5 APPPATH\Controllers\ProductController.php(14): App\Models\GeneroModel->obtenerGeneros()
 6 SYSTEMPATH\CodeIgniter.php(941): App\Controllers\ProductController->show_product_form()
 7 SYSTEMPATH\CodeIgniter.php(502): CodeIgniter\CodeIgniter->runController(Object(App\Controllers\ProductController))
 8 SYSTEMPATH\CodeIgniter.php(361): CodeIgniter\CodeIgniter->handleRequest(null, Object(Config\Cache), false)
 9 FCPATH\index.php(79): CodeIgniter\CodeIgniter->run()
INFO - 2025-04-17 20:33:39 --> Session: Class initialized using 'CodeIgniter\Session\Handlers\FileHandler' driver.
ERROR - 2025-04-17 20:33:39 --> mysqli_sql_exception: PROCEDURE mate-ecommerce.ObtenerGeneros does not exist in C:\xampp\htdocs\proyecto_BenitezNatalia\system\Database\MySQLi\Connection.php:306
Stack trace:
#0 C:\xampp\htdocs\proyecto_BenitezNatalia\system\Database\MySQLi\Connection.php(306): mysqli->query('CALL ObtenerGen...', 0)
#1 C:\xampp\htdocs\proyecto_BenitezNatalia\system\Database\BaseConnection.php(693): CodeIgniter\Database\MySQLi\Connection->execute('CALL ObtenerGen...')
#2 C:\xampp\htdocs\proyecto_BenitezNatalia\system\Database\BaseConnection.php(607): CodeIgniter\Database\BaseConnection->simpleQuery('CALL ObtenerGen...')
#3 C:\xampp\htdocs\proyecto_BenitezNatalia\app\Models\GeneroModel.php(16): CodeIgniter\Database\BaseConnection->query('CALL ObtenerGen...')
#4 C:\xampp\htdocs\proyecto_BenitezNatalia\app\Controllers\ProductController.php(14): App\Models\GeneroModel->obtenerGeneros()
#5 C:\xampp\htdocs\proyecto_BenitezNatalia\system\CodeIgniter.php(941): App\Controllers\ProductController->show_product_form()
#6 C:\xampp\htdocs\proyecto_BenitezNatalia\system\CodeIgniter.php(502): CodeIgniter\CodeIgniter->runController(Object(App\Controllers\ProductController))
#7 C:\xampp\htdocs\proyecto_BenitezNatalia\system\CodeIgniter.php(361): CodeIgniter\CodeIgniter->handleRequest(NULL, Object(Config\Cache), false)
#8 C:\xampp\htdocs\proyecto_BenitezNatalia\index.php(79): CodeIgniter\CodeIgniter->run()
#9 {main}
CRITICAL - 2025-04-17 20:33:39 --> CodeIgniter\Database\Exceptions\DatabaseException: PROCEDURE mate-ecommerce.ObtenerGeneros does not exist
in SYSTEMPATH\Database\BaseConnection.php on line 647.
 1 APPPATH\Models\GeneroModel.php(16): CodeIgniter\Database\BaseConnection->query('CALL ObtenerGeneros()')
 2 APPPATH\Controllers\ProductController.php(14): App\Models\GeneroModel->obtenerGeneros()
 3 SYSTEMPATH\CodeIgniter.php(941): App\Controllers\ProductController->show_product_form()
 4 SYSTEMPATH\CodeIgniter.php(502): CodeIgniter\CodeIgniter->runController(Object(App\Controllers\ProductController))
 5 SYSTEMPATH\CodeIgniter.php(361): CodeIgniter\CodeIgniter->handleRequest(null, Object(Config\Cache), false)
 6 FCPATH\index.php(79): CodeIgniter\CodeIgniter->run()
CRITICAL - 2025-04-17 20:33:39 --> [Caused by] CodeIgniter\Database\Exceptions\DatabaseException: PROCEDURE mate-ecommerce.ObtenerGeneros does not exist
in SYSTEMPATH\Database\MySQLi\Connection.php on line 311.
 1 SYSTEMPATH\Database\BaseConnection.php(693): CodeIgniter\Database\MySQLi\Connection->execute('CALL ObtenerGeneros()')
 2 SYSTEMPATH\Database\BaseConnection.php(607): CodeIgniter\Database\BaseConnection->simpleQuery('CALL ObtenerGeneros()')
 3 APPPATH\Models\GeneroModel.php(16): CodeIgniter\Database\BaseConnection->query('CALL ObtenerGeneros()')
 4 APPPATH\Controllers\ProductController.php(14): App\Models\GeneroModel->obtenerGeneros()
 5 SYSTEMPATH\CodeIgniter.php(941): App\Controllers\ProductController->show_product_form()
 6 SYSTEMPATH\CodeIgniter.php(502): CodeIgniter\CodeIgniter->runController(Object(App\Controllers\ProductController))
 7 SYSTEMPATH\CodeIgniter.php(361): CodeIgniter\CodeIgniter->handleRequest(null, Object(Config\Cache), false)
 8 FCPATH\index.php(79): CodeIgniter\CodeIgniter->run()
CRITICAL - 2025-04-17 20:33:39 --> [Caused by] mysqli_sql_exception: PROCEDURE mate-ecommerce.ObtenerGeneros does not exist
in SYSTEMPATH\Database\MySQLi\Connection.php on line 306.
 1 SYSTEMPATH\Database\MySQLi\Connection.php(306): mysqli->query('CALL ObtenerGeneros()', 0)
 2 SYSTEMPATH\Database\BaseConnection.php(693): CodeIgniter\Database\MySQLi\Connection->execute('CALL ObtenerGeneros()')
 3 SYSTEMPATH\Database\BaseConnection.php(607): CodeIgniter\Database\BaseConnection->simpleQuery('CALL ObtenerGeneros()')
 4 APPPATH\Models\GeneroModel.php(16): CodeIgniter\Database\BaseConnection->query('CALL ObtenerGeneros()')
 5 APPPATH\Controllers\ProductController.php(14): App\Models\GeneroModel->obtenerGeneros()
 6 SYSTEMPATH\CodeIgniter.php(941): App\Controllers\ProductController->show_product_form()
 7 SYSTEMPATH\CodeIgniter.php(502): CodeIgniter\CodeIgniter->runController(Object(App\Controllers\ProductController))
 8 SYSTEMPATH\CodeIgniter.php(361): CodeIgniter\CodeIgniter->handleRequest(null, Object(Config\Cache), false)
 9 FCPATH\index.php(79): CodeIgniter\CodeIgniter->run()
INFO - 2025-04-17 20:33:55 --> Session: Class initialized using 'CodeIgniter\Session\Handlers\FileHandler' driver.
ERROR - 2025-04-17 20:33:55 --> mysqli_sql_exception: PROCEDURE mate-ecommerce.ObtenerGeneros does not exist in C:\xampp\htdocs\proyecto_BenitezNatalia\system\Database\MySQLi\Connection.php:306
Stack trace:
#0 C:\xampp\htdocs\proyecto_BenitezNatalia\system\Database\MySQLi\Connection.php(306): mysqli->query('CALL ObtenerGen...', 0)
#1 C:\xampp\htdocs\proyecto_BenitezNatalia\system\Database\BaseConnection.php(693): CodeIgniter\Database\MySQLi\Connection->execute('CALL ObtenerGen...')
#2 C:\xampp\htdocs\proyecto_BenitezNatalia\system\Database\BaseConnection.php(607): CodeIgniter\Database\BaseConnection->simpleQuery('CALL ObtenerGen...')
#3 C:\xampp\htdocs\proyecto_BenitezNatalia\app\Models\GeneroModel.php(16): CodeIgniter\Database\BaseConnection->query('CALL ObtenerGen...')
#4 C:\xampp\htdocs\proyecto_BenitezNatalia\app\Controllers\ProductController.php(14): App\Models\GeneroModel->obtenerGeneros()
#5 C:\xampp\htdocs\proyecto_BenitezNatalia\system\CodeIgniter.php(941): App\Controllers\ProductController->show_product_form()
#6 C:\xampp\htdocs\proyecto_BenitezNatalia\system\CodeIgniter.php(502): CodeIgniter\CodeIgniter->runController(Object(App\Controllers\ProductController))
#7 C:\xampp\htdocs\proyecto_BenitezNatalia\system\CodeIgniter.php(361): CodeIgniter\CodeIgniter->handleRequest(NULL, Object(Config\Cache), false)
#8 C:\xampp\htdocs\proyecto_BenitezNatalia\index.php(79): CodeIgniter\CodeIgniter->run()
#9 {main}
CRITICAL - 2025-04-17 20:33:55 --> CodeIgniter\Database\Exceptions\DatabaseException: PROCEDURE mate-ecommerce.ObtenerGeneros does not exist
in SYSTEMPATH\Database\BaseConnection.php on line 647.
 1 APPPATH\Models\GeneroModel.php(16): CodeIgniter\Database\BaseConnection->query('CALL ObtenerGeneros()')
 2 APPPATH\Controllers\ProductController.php(14): App\Models\GeneroModel->obtenerGeneros()
 3 SYSTEMPATH\CodeIgniter.php(941): App\Controllers\ProductController->show_product_form()
 4 SYSTEMPATH\CodeIgniter.php(502): CodeIgniter\CodeIgniter->runController(Object(App\Controllers\ProductController))
 5 SYSTEMPATH\CodeIgniter.php(361): CodeIgniter\CodeIgniter->handleRequest(null, Object(Config\Cache), false)
 6 FCPATH\index.php(79): CodeIgniter\CodeIgniter->run()
CRITICAL - 2025-04-17 20:33:55 --> [Caused by] CodeIgniter\Database\Exceptions\DatabaseException: PROCEDURE mate-ecommerce.ObtenerGeneros does not exist
in SYSTEMPATH\Database\MySQLi\Connection.php on line 311.
 1 SYSTEMPATH\Database\BaseConnection.php(693): CodeIgniter\Database\MySQLi\Connection->execute('CALL ObtenerGeneros()')
 2 SYSTEMPATH\Database\BaseConnection.php(607): CodeIgniter\Database\BaseConnection->simpleQuery('CALL ObtenerGeneros()')
 3 APPPATH\Models\GeneroModel.php(16): CodeIgniter\Database\BaseConnection->query('CALL ObtenerGeneros()')
 4 APPPATH\Controllers\ProductController.php(14): App\Models\GeneroModel->obtenerGeneros()
 5 SYSTEMPATH\CodeIgniter.php(941): App\Controllers\ProductController->show_product_form()
 6 SYSTEMPATH\CodeIgniter.php(502): CodeIgniter\CodeIgniter->runController(Object(App\Controllers\ProductController))
 7 SYSTEMPATH\CodeIgniter.php(361): CodeIgniter\CodeIgniter->handleRequest(null, Object(Config\Cache), false)
 8 FCPATH\index.php(79): CodeIgniter\CodeIgniter->run()
CRITICAL - 2025-04-17 20:33:55 --> [Caused by] mysqli_sql_exception: PROCEDURE mate-ecommerce.ObtenerGeneros does not exist
in SYSTEMPATH\Database\MySQLi\Connection.php on line 306.
 1 SYSTEMPATH\Database\MySQLi\Connection.php(306): mysqli->query('CALL ObtenerGeneros()', 0)
 2 SYSTEMPATH\Database\BaseConnection.php(693): CodeIgniter\Database\MySQLi\Connection->execute('CALL ObtenerGeneros()')
 3 SYSTEMPATH\Database\BaseConnection.php(607): CodeIgniter\Database\BaseConnection->simpleQuery('CALL ObtenerGeneros()')
 4 APPPATH\Models\GeneroModel.php(16): CodeIgniter\Database\BaseConnection->query('CALL ObtenerGeneros()')
 5 APPPATH\Controllers\ProductController.php(14): App\Models\GeneroModel->obtenerGeneros()
 6 SYSTEMPATH\CodeIgniter.php(941): App\Controllers\ProductController->show_product_form()
 7 SYSTEMPATH\CodeIgniter.php(502): CodeIgniter\CodeIgniter->runController(Object(App\Controllers\ProductController))
 8 SYSTEMPATH\CodeIgniter.php(361): CodeIgniter\CodeIgniter->handleRequest(null, Object(Config\Cache), false)
 9 FCPATH\index.php(79): CodeIgniter\CodeIgniter->run()
INFO - 2025-04-17 20:34:57 --> Session: Class initialized using 'CodeIgniter\Session\Handlers\FileHandler' driver.
ERROR - 2025-04-17 20:34:57 --> mysqli_sql_exception: PROCEDURE mate-ecommerce.ObtenerGeneros does not exist in C:\xampp\htdocs\proyecto_BenitezNatalia\system\Database\MySQLi\Connection.php:306
Stack trace:
#0 C:\xampp\htdocs\proyecto_BenitezNatalia\system\Database\MySQLi\Connection.php(306): mysqli->query('CALL ObtenerGen...', 0)
#1 C:\xampp\htdocs\proyecto_BenitezNatalia\system\Database\BaseConnection.php(693): CodeIgniter\Database\MySQLi\Connection->execute('CALL ObtenerGen...')
#2 C:\xampp\htdocs\proyecto_BenitezNatalia\system\Database\BaseConnection.php(607): CodeIgniter\Database\BaseConnection->simpleQuery('CALL ObtenerGen...')
#3 C:\xampp\htdocs\proyecto_BenitezNatalia\app\Models\GeneroModel.php(16): CodeIgniter\Database\BaseConnection->query('CALL ObtenerGen...')
#4 C:\xampp\htdocs\proyecto_BenitezNatalia\app\Controllers\ProductController.php(14): App\Models\GeneroModel->obtenerGeneros()
#5 C:\xampp\htdocs\proyecto_BenitezNatalia\system\CodeIgniter.php(941): App\Controllers\ProductController->show_product_form()
#6 C:\xampp\htdocs\proyecto_BenitezNatalia\system\CodeIgniter.php(502): CodeIgniter\CodeIgniter->runController(Object(App\Controllers\ProductController))
#7 C:\xampp\htdocs\proyecto_BenitezNatalia\system\CodeIgniter.php(361): CodeIgniter\CodeIgniter->handleRequest(NULL, Object(Config\Cache), false)
#8 C:\xampp\htdocs\proyecto_BenitezNatalia\index.php(79): CodeIgniter\CodeIgniter->run()
#9 {main}
CRITICAL - 2025-04-17 20:34:57 --> CodeIgniter\Database\Exceptions\DatabaseException: PROCEDURE mate-ecommerce.ObtenerGeneros does not exist
in SYSTEMPATH\Database\BaseConnection.php on line 647.
 1 APPPATH\Models\GeneroModel.php(16): CodeIgniter\Database\BaseConnection->query('CALL ObtenerGeneros()')
 2 APPPATH\Controllers\ProductController.php(14): App\Models\GeneroModel->obtenerGeneros()
 3 SYSTEMPATH\CodeIgniter.php(941): App\Controllers\ProductController->show_product_form()
 4 SYSTEMPATH\CodeIgniter.php(502): CodeIgniter\CodeIgniter->runController(Object(App\Controllers\ProductController))
 5 SYSTEMPATH\CodeIgniter.php(361): CodeIgniter\CodeIgniter->handleRequest(null, Object(Config\Cache), false)
 6 FCPATH\index.php(79): CodeIgniter\CodeIgniter->run()
CRITICAL - 2025-04-17 20:34:57 --> [Caused by] CodeIgniter\Database\Exceptions\DatabaseException: PROCEDURE mate-ecommerce.ObtenerGeneros does not exist
in SYSTEMPATH\Database\MySQLi\Connection.php on line 311.
 1 SYSTEMPATH\Database\BaseConnection.php(693): CodeIgniter\Database\MySQLi\Connection->execute('CALL ObtenerGeneros()')
 2 SYSTEMPATH\Database\BaseConnection.php(607): CodeIgniter\Database\BaseConnection->simpleQuery('CALL ObtenerGeneros()')
 3 APPPATH\Models\GeneroModel.php(16): CodeIgniter\Database\BaseConnection->query('CALL ObtenerGeneros()')
 4 APPPATH\Controllers\ProductController.php(14): App\Models\GeneroModel->obtenerGeneros()
 5 SYSTEMPATH\CodeIgniter.php(941): App\Controllers\ProductController->show_product_form()
 6 SYSTEMPATH\CodeIgniter.php(502): CodeIgniter\CodeIgniter->runController(Object(App\Controllers\ProductController))
 7 SYSTEMPATH\CodeIgniter.php(361): CodeIgniter\CodeIgniter->handleRequest(null, Object(Config\Cache), false)
 8 FCPATH\index.php(79): CodeIgniter\CodeIgniter->run()
CRITICAL - 2025-04-17 20:34:57 --> [Caused by] mysqli_sql_exception: PROCEDURE mate-ecommerce.ObtenerGeneros does not exist
in SYSTEMPATH\Database\MySQLi\Connection.php on line 306.
 1 SYSTEMPATH\Database\MySQLi\Connection.php(306): mysqli->query('CALL ObtenerGeneros()', 0)
 2 SYSTEMPATH\Database\BaseConnection.php(693): CodeIgniter\Database\MySQLi\Connection->execute('CALL ObtenerGeneros()')
 3 SYSTEMPATH\Database\BaseConnection.php(607): CodeIgniter\Database\BaseConnection->simpleQuery('CALL ObtenerGeneros()')
 4 APPPATH\Models\GeneroModel.php(16): CodeIgniter\Database\BaseConnection->query('CALL ObtenerGeneros()')
 5 APPPATH\Controllers\ProductController.php(14): App\Models\GeneroModel->obtenerGeneros()
 6 SYSTEMPATH\CodeIgniter.php(941): App\Controllers\ProductController->show_product_form()
 7 SYSTEMPATH\CodeIgniter.php(502): CodeIgniter\CodeIgniter->runController(Object(App\Controllers\ProductController))
 8 SYSTEMPATH\CodeIgniter.php(361): CodeIgniter\CodeIgniter->handleRequest(null, Object(Config\Cache), false)
 9 FCPATH\index.php(79): CodeIgniter\CodeIgniter->run()
INFO - 2025-04-17 20:34:58 --> Session: Class initialized using 'CodeIgniter\Session\Handlers\FileHandler' driver.
INFO - 2025-04-17 20:35:00 --> Session: Class initialized using 'CodeIgniter\Session\Handlers\FileHandler' driver.
INFO - 2025-04-17 20:35:01 --> Session: Class initialized using 'CodeIgniter\Session\Handlers\FileHandler' driver.
ERROR - 2025-04-17 20:35:01 --> mysqli_sql_exception: PROCEDURE mate-ecommerce.ObtenerGeneros does not exist in C:\xampp\htdocs\proyecto_BenitezNatalia\system\Database\MySQLi\Connection.php:306
Stack trace:
#0 C:\xampp\htdocs\proyecto_BenitezNatalia\system\Database\MySQLi\Connection.php(306): mysqli->query('CALL ObtenerGen...', 0)
#1 C:\xampp\htdocs\proyecto_BenitezNatalia\system\Database\BaseConnection.php(693): CodeIgniter\Database\MySQLi\Connection->execute('CALL ObtenerGen...')
#2 C:\xampp\htdocs\proyecto_BenitezNatalia\system\Database\BaseConnection.php(607): CodeIgniter\Database\BaseConnection->simpleQuery('CALL ObtenerGen...')
#3 C:\xampp\htdocs\proyecto_BenitezNatalia\app\Models\GeneroModel.php(16): CodeIgniter\Database\BaseConnection->query('CALL ObtenerGen...')
#4 C:\xampp\htdocs\proyecto_BenitezNatalia\app\Controllers\ProductController.php(14): App\Models\GeneroModel->obtenerGeneros()
#5 C:\xampp\htdocs\proyecto_BenitezNatalia\system\CodeIgniter.php(941): App\Controllers\ProductController->show_product_form()
#6 C:\xampp\htdocs\proyecto_BenitezNatalia\system\CodeIgniter.php(502): CodeIgniter\CodeIgniter->runController(Object(App\Controllers\ProductController))
#7 C:\xampp\htdocs\proyecto_BenitezNatalia\system\CodeIgniter.php(361): CodeIgniter\CodeIgniter->handleRequest(NULL, Object(Config\Cache), false)
#8 C:\xampp\htdocs\proyecto_BenitezNatalia\index.php(79): CodeIgniter\CodeIgniter->run()
#9 {main}
CRITICAL - 2025-04-17 20:35:01 --> CodeIgniter\Database\Exceptions\DatabaseException: PROCEDURE mate-ecommerce.ObtenerGeneros does not exist
in SYSTEMPATH\Database\BaseConnection.php on line 647.
 1 APPPATH\Models\GeneroModel.php(16): CodeIgniter\Database\BaseConnection->query('CALL ObtenerGeneros()')
 2 APPPATH\Controllers\ProductController.php(14): App\Models\GeneroModel->obtenerGeneros()
 3 SYSTEMPATH\CodeIgniter.php(941): App\Controllers\ProductController->show_product_form()
 4 SYSTEMPATH\CodeIgniter.php(502): CodeIgniter\CodeIgniter->runController(Object(App\Controllers\ProductController))
 5 SYSTEMPATH\CodeIgniter.php(361): CodeIgniter\CodeIgniter->handleRequest(null, Object(Config\Cache), false)
 6 FCPATH\index.php(79): CodeIgniter\CodeIgniter->run()
CRITICAL - 2025-04-17 20:35:01 --> [Caused by] CodeIgniter\Database\Exceptions\DatabaseException: PROCEDURE mate-ecommerce.ObtenerGeneros does not exist
in SYSTEMPATH\Database\MySQLi\Connection.php on line 311.
 1 SYSTEMPATH\Database\BaseConnection.php(693): CodeIgniter\Database\MySQLi\Connection->execute('CALL ObtenerGeneros()')
 2 SYSTEMPATH\Database\BaseConnection.php(607): CodeIgniter\Database\BaseConnection->simpleQuery('CALL ObtenerGeneros()')
 3 APPPATH\Models\GeneroModel.php(16): CodeIgniter\Database\BaseConnection->query('CALL ObtenerGeneros()')
 4 APPPATH\Controllers\ProductController.php(14): App\Models\GeneroModel->obtenerGeneros()
 5 SYSTEMPATH\CodeIgniter.php(941): App\Controllers\ProductController->show_product_form()
 6 SYSTEMPATH\CodeIgniter.php(502): CodeIgniter\CodeIgniter->runController(Object(App\Controllers\ProductController))
 7 SYSTEMPATH\CodeIgniter.php(361): CodeIgniter\CodeIgniter->handleRequest(null, Object(Config\Cache), false)
 8 FCPATH\index.php(79): CodeIgniter\CodeIgniter->run()
CRITICAL - 2025-04-17 20:35:01 --> [Caused by] mysqli_sql_exception: PROCEDURE mate-ecommerce.ObtenerGeneros does not exist
in SYSTEMPATH\Database\MySQLi\Connection.php on line 306.
 1 SYSTEMPATH\Database\MySQLi\Connection.php(306): mysqli->query('CALL ObtenerGeneros()', 0)
 2 SYSTEMPATH\Database\BaseConnection.php(693): CodeIgniter\Database\MySQLi\Connection->execute('CALL ObtenerGeneros()')
 3 SYSTEMPATH\Database\BaseConnection.php(607): CodeIgniter\Database\BaseConnection->simpleQuery('CALL ObtenerGeneros()')
 4 APPPATH\Models\GeneroModel.php(16): CodeIgniter\Database\BaseConnection->query('CALL ObtenerGeneros()')
 5 APPPATH\Controllers\ProductController.php(14): App\Models\GeneroModel->obtenerGeneros()
 6 SYSTEMPATH\CodeIgniter.php(941): App\Controllers\ProductController->show_product_form()
 7 SYSTEMPATH\CodeIgniter.php(502): CodeIgniter\CodeIgniter->runController(Object(App\Controllers\ProductController))
 8 SYSTEMPATH\CodeIgniter.php(361): CodeIgniter\CodeIgniter->handleRequest(null, Object(Config\Cache), false)
 9 FCPATH\index.php(79): CodeIgniter\CodeIgniter->run()
INFO - 2025-04-17 20:37:04 --> Session: Class initialized using 'CodeIgniter\Session\Handlers\FileHandler' driver.
INFO - 2025-04-17 21:23:37 --> Session: Class initialized using 'CodeIgniter\Session\Handlers\FileHandler' driver.
INFO - 2025-04-17 21:24:06 --> Session: Class initialized using 'CodeIgniter\Session\Handlers\FileHandler' driver.
INFO - 2025-04-17 21:26:58 --> Session: Class initialized using 'CodeIgniter\Session\Handlers\FileHandler' driver.
INFO - 2025-04-17 21:31:11 --> Session: Class initialized using 'CodeIgniter\Session\Handlers\FileHandler' driver.
INFO - 2025-04-17 21:31:27 --> Session: Class initialized using 'CodeIgniter\Session\Handlers\FileHandler' driver.
INFO - 2025-04-17 21:31:33 --> Session: Class initialized using 'CodeIgniter\Session\Handlers\FileHandler' driver.
INFO - 2025-04-17 21:32:19 --> Session: Class initialized using 'CodeIgniter\Session\Handlers\FileHandler' driver.
INFO - 2025-04-17 21:32:28 --> Session: Class initialized using 'CodeIgniter\Session\Handlers\FileHandler' driver.
INFO - 2025-04-17 21:32:37 --> Session: Class initialized using 'CodeIgniter\Session\Handlers\FileHandler' driver.
INFO - 2025-04-17 21:33:06 --> Session: Class initialized using 'CodeIgniter\Session\Handlers\FileHandler' driver.
INFO - 2025-04-17 21:33:13 --> Session: Class initialized using 'CodeIgniter\Session\Handlers\FileHandler' driver.
INFO - 2025-04-17 21:33:15 --> Session: Class initialized using 'CodeIgniter\Session\Handlers\FileHandler' driver.
INFO - 2025-04-17 21:33:48 --> Session: Class initialized using 'CodeIgniter\Session\Handlers\FileHandler' driver.
INFO - 2025-04-17 21:33:49 --> Session: Class initialized using 'CodeIgniter\Session\Handlers\FileHandler' driver.
INFO - 2025-04-17 21:33:57 --> Session: Class initialized using 'CodeIgniter\Session\Handlers\FileHandler' driver.
INFO - 2025-04-17 21:34:17 --> Session: Class initialized using 'CodeIgniter\Session\Handlers\FileHandler' driver.
INFO - 2025-04-17 21:34:18 --> Session: Class initialized using 'CodeIgniter\Session\Handlers\FileHandler' driver.
INFO - 2025-04-17 21:34:36 --> Session: Class initialized using 'CodeIgniter\Session\Handlers\FileHandler' driver.
INFO - 2025-04-17 21:34:37 --> Session: Class initialized using 'CodeIgniter\Session\Handlers\FileHandler' driver.
INFO - 2025-04-17 21:34:57 --> Session: Class initialized using 'CodeIgniter\Session\Handlers\FileHandler' driver.
INFO - 2025-04-17 21:34:58 --> Session: Class initialized using 'CodeIgniter\Session\Handlers\FileHandler' driver.
INFO - 2025-04-17 21:35:10 --> Session: Class initialized using 'CodeIgniter\Session\Handlers\FileHandler' driver.
INFO - 2025-04-17 21:35:20 --> Session: Class initialized using 'CodeIgniter\Session\Handlers\FileHandler' driver.
INFO - 2025-04-17 21:35:55 --> Session: Class initialized using 'CodeIgniter\Session\Handlers\FileHandler' driver.
INFO - 2025-04-17 21:36:11 --> Session: Class initialized using 'CodeIgniter\Session\Handlers\FileHandler' driver.
INFO - 2025-04-17 21:36:34 --> Session: Class initialized using 'CodeIgniter\Session\Handlers\FileHandler' driver.
INFO - 2025-04-17 21:36:56 --> Session: Class initialized using 'CodeIgniter\Session\Handlers\FileHandler' driver.
INFO - 2025-04-17 21:37:11 --> Session: Class initialized using 'CodeIgniter\Session\Handlers\FileHandler' driver.
INFO - 2025-04-17 21:37:24 --> Session: Class initialized using 'CodeIgniter\Session\Handlers\FileHandler' driver.
INFO - 2025-04-17 21:37:40 --> Session: Class initialized using 'CodeIgniter\Session\Handlers\FileHandler' driver.
INFO - 2025-04-17 21:38:00 --> Session: Class initialized using 'CodeIgniter\Session\Handlers\FileHandler' driver.
CRITICAL - 2025-04-17 21:38:01 --> Error: Class "App\Models\Roles" not found
in APPPATH\Controllers\Home.php on line 15.
 1 SYSTEMPATH\CodeIgniter.php(913): App\Controllers\Home->__construct()
 2 SYSTEMPATH\CodeIgniter.php(493): CodeIgniter\CodeIgniter->createController()
 3 SYSTEMPATH\CodeIgniter.php(361): CodeIgniter\CodeIgniter->handleRequest(null, Object(Config\Cache), false)
 4 FCPATH\index.php(79): CodeIgniter\CodeIgniter->run()
INFO - 2025-04-17 21:39:14 --> Session: Class initialized using 'CodeIgniter\Session\Handlers\FileHandler' driver.
INFO - 2025-04-17 21:39:16 --> Session: Class initialized using 'CodeIgniter\Session\Handlers\FileHandler' driver.
INFO - 2025-04-17 21:39:17 --> Session: Class initialized using 'CodeIgniter\Session\Handlers\FileHandler' driver.
INFO - 2025-04-17 21:39:19 --> Session: Class initialized using 'CodeIgniter\Session\Handlers\FileHandler' driver.
INFO - 2025-04-17 21:39:21 --> Session: Class initialized using 'CodeIgniter\Session\Handlers\FileHandler' driver.
INFO - 2025-04-17 21:39:22 --> Session: Class initialized using 'CodeIgniter\Session\Handlers\FileHandler' driver.
